29.01.2021 18:26:39	This log contains information about the import schema operation into project 'Airports' on computer 'DESKTOP-3TDOV04' by user 'rosiu'.
29.01.2021 18:26:39	Import of database schema has started.
29.01.2021 18:26:46	Gathering database credentials
29.01.2021 18:26:46	Gathering database options
29.01.2021 18:26:46	Gathering generic database scoped configuration option
29.01.2021 18:26:46	Gathering users
29.01.2021 18:26:46	Gathering roles
29.01.2021 18:26:46	Gathering application roles
29.01.2021 18:26:46	Gathering role memberships
29.01.2021 18:26:46	Gathering filegroups
29.01.2021 18:26:46	Gathering full-text catalogs
29.01.2021 18:26:46	Gathering assemblies
29.01.2021 18:26:46	Gathering certificates
29.01.2021 18:26:46	Gathering asymmetric keys
29.01.2021 18:26:46	Gathering symmetric keys
29.01.2021 18:26:46	Gathering encrypted symmetric keys
29.01.2021 18:26:46	Gathering schemas
29.01.2021 18:26:46	Gathering XML schema collections
29.01.2021 18:26:46	Gathering user-defined data types
29.01.2021 18:26:46	Gathering user-defined types
29.01.2021 18:26:46	Gathering table types
29.01.2021 18:26:46	Gathering unique keys for table types
29.01.2021 18:26:46	Gathering primary keys for table types
29.01.2021 18:26:46	Gathering indexes for table types
29.01.2021 18:26:46	Gathering check constraints for table types
29.01.2021 18:26:46	Gathering default constraints for table types
29.01.2021 18:26:46	Gathering partition functions
29.01.2021 18:26:46	Gathering partition schemes
29.01.2021 18:26:46	Gathering functions
29.01.2021 18:26:46	Gathering encrypted functions
29.01.2021 18:26:46	Gathering aggregates
29.01.2021 18:26:46	Gathering procedures
29.01.2021 18:26:46	Gathering encrypted procedures
29.01.2021 18:26:46	Gathering tables
29.01.2021 18:26:46	Gathering primary keys
29.01.2021 18:26:46	Gathering unique constraints
29.01.2021 18:26:46	Gathering foreign keys
29.01.2021 18:26:46	Gathering default constraints
29.01.2021 18:26:46	Gathering check constraints
29.01.2021 18:26:46	Gathering views
29.01.2021 18:26:46	Gathering encrypted views
29.01.2021 18:26:46	Gathering indexes
29.01.2021 18:26:46	Gathering statistics
29.01.2021 18:26:46	Gathering full-text index stoplists
29.01.2021 18:26:46	Gathering search property lists
29.01.2021 18:26:46	Gathering search properties
29.01.2021 18:26:46	Gathering full-text indexes
29.01.2021 18:26:46	Gathering column store indexes
29.01.2021 18:26:46	Gathering spatial indexes
29.01.2021 18:26:46	Gathering XML indexes
29.01.2021 18:26:46	Gathering Selective XML indexes
29.01.2021 18:26:46	Gathering encrypted triggers
29.01.2021 18:26:46	Gathering triggers
29.01.2021 18:26:46	Gathering encrypted and clr ddl triggers
29.01.2021 18:26:46	Gathering ddl triggers
29.01.2021 18:26:46	Creating edge constraints
29.01.2021 18:26:46	Gathering synonyms
29.01.2021 18:26:46	Gathering defaults
29.01.2021 18:26:46	Gathering data constraint uddt bindings
29.01.2021 18:26:46	Gathering rules
29.01.2021 18:26:46	Gathering data constraint uddt bindings
29.01.2021 18:26:46	Gathering message types
29.01.2021 18:26:46	Gathering queues
29.01.2021 18:26:46	Gathering contracts
29.01.2021 18:26:46	Gathering services
29.01.2021 18:26:46	Gathering event notifications
29.01.2021 18:26:46	Gathering remote service bindings
29.01.2021 18:26:46	Gathering broker priorities
29.01.2021 18:26:46	Gathering signatures
29.01.2021 18:26:46	Gathering data compression options
29.01.2021 18:26:46	Gathering sequence types
29.01.2021 18:26:46	Gathering security policies
29.01.2021 18:26:46	Gather column encryption keys
29.01.2021 18:26:46	Gathering column master keys
29.01.2021 18:26:46	Gathering external data sources
29.01.2021 18:26:46	Gathering external file formats
29.01.2021 18:26:46	Gathering external tables
29.01.2021 18:26:46	Gathering database permissions
29.01.2021 18:26:46	Gathering extended properties
29.01.2021 18:26:46	Gathering credentials
29.01.2021 18:26:46	Gathering logins
29.01.2021 18:26:46	Gathering server audits
29.01.2021 18:26:48	Scanning project for duplicate elements
29.01.2021 18:26:48	Finished duplicate element processing
29.01.2021 18:26:49	Finished importing database.
29.01.2021 18:26:49	A summary of the import was saved to the following location: C:\Users\rosiu\x\KarolinaGluza_6408\Airports\Import Schema Logs\Airports_20210129052639.log
29.01.2021 18:26:49	Click Finish to continue...
