30.01.2021 14:26:22	This log contains information about the import schema operation into project 'Orders' on computer 'DESKTOP-3TDOV04' by user 'rosiu'.
30.01.2021 14:26:22	Import of database schema has started.
30.01.2021 14:26:22	Gathering database credentials
30.01.2021 14:26:22	Gathering database options
30.01.2021 14:26:22	Gathering generic database scoped configuration option
30.01.2021 14:26:22	Gathering users
30.01.2021 14:26:22	Gathering roles
30.01.2021 14:26:22	Gathering application roles
30.01.2021 14:26:22	Gathering role memberships
30.01.2021 14:26:22	Gathering filegroups
30.01.2021 14:26:22	Gathering full-text catalogs
30.01.2021 14:26:22	Gathering assemblies
30.01.2021 14:26:22	Gathering certificates
30.01.2021 14:26:22	Gathering asymmetric keys
30.01.2021 14:26:22	Gathering symmetric keys
30.01.2021 14:26:22	Gathering encrypted symmetric keys
30.01.2021 14:26:22	Gathering schemas
30.01.2021 14:26:22	Gathering XML schema collections
30.01.2021 14:26:22	Gathering user-defined data types
30.01.2021 14:26:22	Gathering user-defined types
30.01.2021 14:26:22	Gathering table types
30.01.2021 14:26:22	Gathering unique keys for table types
30.01.2021 14:26:22	Gathering primary keys for table types
30.01.2021 14:26:22	Gathering indexes for table types
30.01.2021 14:26:22	Gathering check constraints for table types
30.01.2021 14:26:22	Gathering default constraints for table types
30.01.2021 14:26:22	Gathering partition functions
30.01.2021 14:26:22	Gathering partition schemes
30.01.2021 14:26:22	Gathering functions
30.01.2021 14:26:22	Gathering encrypted functions
30.01.2021 14:26:22	Gathering aggregates
30.01.2021 14:26:22	Gathering procedures
30.01.2021 14:26:22	Gathering encrypted procedures
30.01.2021 14:26:22	Gathering tables
30.01.2021 14:26:22	Gathering primary keys
30.01.2021 14:26:22	Gathering unique constraints
30.01.2021 14:26:22	Gathering foreign keys
30.01.2021 14:26:22	Gathering default constraints
30.01.2021 14:26:22	Gathering check constraints
30.01.2021 14:26:22	Gathering views
30.01.2021 14:26:22	Gathering encrypted views
30.01.2021 14:26:22	Gathering indexes
30.01.2021 14:26:22	Gathering statistics
30.01.2021 14:26:22	Gathering full-text index stoplists
30.01.2021 14:26:22	Gathering search property lists
30.01.2021 14:26:22	Gathering search properties
30.01.2021 14:26:22	Gathering full-text indexes
30.01.2021 14:26:22	Gathering column store indexes
30.01.2021 14:26:22	Gathering spatial indexes
30.01.2021 14:26:22	Gathering XML indexes
30.01.2021 14:26:22	Gathering Selective XML indexes
30.01.2021 14:26:22	Gathering encrypted triggers
30.01.2021 14:26:22	Gathering triggers
30.01.2021 14:26:22	Gathering encrypted and clr ddl triggers
30.01.2021 14:26:22	Gathering ddl triggers
30.01.2021 14:26:22	Creating edge constraints
30.01.2021 14:26:22	Gathering synonyms
30.01.2021 14:26:22	Gathering defaults
30.01.2021 14:26:22	Gathering data constraint uddt bindings
30.01.2021 14:26:22	Gathering rules
30.01.2021 14:26:22	Gathering data constraint uddt bindings
30.01.2021 14:26:22	Gathering message types
30.01.2021 14:26:22	Gathering queues
30.01.2021 14:26:22	Gathering contracts
30.01.2021 14:26:22	Gathering services
30.01.2021 14:26:22	Gathering event notifications
30.01.2021 14:26:22	Gathering remote service bindings
30.01.2021 14:26:22	Gathering broker priorities
30.01.2021 14:26:22	Gathering signatures
30.01.2021 14:26:22	Gathering data compression options
30.01.2021 14:26:22	Gathering sequence types
30.01.2021 14:26:22	Gathering security policies
30.01.2021 14:26:22	Gather column encryption keys
30.01.2021 14:26:22	Gathering column master keys
30.01.2021 14:26:22	Gathering external data sources
30.01.2021 14:26:22	Gathering external file formats
30.01.2021 14:26:22	Gathering external tables
30.01.2021 14:26:22	Gathering database permissions
30.01.2021 14:26:25	Gathering extended properties
30.01.2021 14:26:27	Gathering credentials
30.01.2021 14:26:27	Gathering logins
30.01.2021 14:26:27	Gathering server audits
30.01.2021 14:26:27	Scanning project for duplicate elements
30.01.2021 14:26:27	Finished duplicate element processing
30.01.2021 14:26:27	Finished importing database.
30.01.2021 14:26:27	A summary of the import was saved to the following location: C:\Users\rosiu\x\KarolinaGluza_6408\Orders\Import Schema Logs\Orders_20210130012622.log
30.01.2021 14:26:27	Click Finish to continue...
