30.01.2021 14:27:44	This log contains information about the import schema operation into project 'Operators' on computer 'DESKTOP-3TDOV04' by user 'rosiu'.
30.01.2021 14:27:45	Import of database schema has started.
30.01.2021 14:27:50	Gathering database credentials
30.01.2021 14:27:50	Gathering database options
30.01.2021 14:27:50	Gathering generic database scoped configuration option
30.01.2021 14:27:50	Gathering users
30.01.2021 14:27:50	Gathering roles
30.01.2021 14:27:50	Gathering application roles
30.01.2021 14:27:50	Gathering role memberships
30.01.2021 14:27:50	Gathering filegroups
30.01.2021 14:27:50	Gathering full-text catalogs
30.01.2021 14:27:50	Gathering assemblies
30.01.2021 14:27:50	Gathering certificates
30.01.2021 14:27:50	Gathering asymmetric keys
30.01.2021 14:27:50	Gathering symmetric keys
30.01.2021 14:27:50	Gathering encrypted symmetric keys
30.01.2021 14:27:50	Gathering schemas
30.01.2021 14:27:50	Gathering XML schema collections
30.01.2021 14:27:50	Gathering user-defined data types
30.01.2021 14:27:50	Gathering user-defined types
30.01.2021 14:27:50	Gathering table types
30.01.2021 14:27:50	Gathering unique keys for table types
30.01.2021 14:27:50	Gathering primary keys for table types
30.01.2021 14:27:50	Gathering indexes for table types
30.01.2021 14:27:50	Gathering check constraints for table types
30.01.2021 14:27:50	Gathering default constraints for table types
30.01.2021 14:27:50	Gathering partition functions
30.01.2021 14:27:50	Gathering partition schemes
30.01.2021 14:27:50	Gathering functions
30.01.2021 14:27:50	Gathering encrypted functions
30.01.2021 14:27:50	Gathering aggregates
30.01.2021 14:27:50	Gathering procedures
30.01.2021 14:27:50	Gathering encrypted procedures
30.01.2021 14:27:50	Gathering tables
30.01.2021 14:27:50	Gathering primary keys
30.01.2021 14:27:50	Gathering unique constraints
30.01.2021 14:27:50	Gathering foreign keys
30.01.2021 14:27:50	Gathering default constraints
30.01.2021 14:27:51	Gathering check constraints
30.01.2021 14:27:51	Gathering views
30.01.2021 14:27:51	Gathering encrypted views
30.01.2021 14:27:51	Gathering indexes
30.01.2021 14:27:51	Gathering statistics
30.01.2021 14:27:51	Gathering full-text index stoplists
30.01.2021 14:27:51	Gathering search property lists
30.01.2021 14:27:51	Gathering search properties
30.01.2021 14:27:51	Gathering full-text indexes
30.01.2021 14:27:51	Gathering column store indexes
30.01.2021 14:27:51	Gathering spatial indexes
30.01.2021 14:27:51	Gathering XML indexes
30.01.2021 14:27:51	Gathering Selective XML indexes
30.01.2021 14:27:51	Gathering encrypted triggers
30.01.2021 14:27:51	Gathering triggers
30.01.2021 14:27:51	Gathering encrypted and clr ddl triggers
30.01.2021 14:27:51	Gathering ddl triggers
30.01.2021 14:27:51	Creating edge constraints
30.01.2021 14:27:51	Gathering synonyms
30.01.2021 14:27:51	Gathering defaults
30.01.2021 14:27:51	Gathering data constraint uddt bindings
30.01.2021 14:27:51	Gathering rules
30.01.2021 14:27:51	Gathering data constraint uddt bindings
30.01.2021 14:27:51	Gathering message types
30.01.2021 14:27:51	Gathering queues
30.01.2021 14:27:51	Gathering contracts
30.01.2021 14:27:51	Gathering services
30.01.2021 14:27:51	Gathering event notifications
30.01.2021 14:27:51	Gathering remote service bindings
30.01.2021 14:27:51	Gathering broker priorities
30.01.2021 14:27:51	Gathering signatures
30.01.2021 14:27:51	Gathering data compression options
30.01.2021 14:27:51	Gathering sequence types
30.01.2021 14:27:51	Gathering security policies
30.01.2021 14:27:51	Gather column encryption keys
30.01.2021 14:27:51	Gathering column master keys
30.01.2021 14:27:51	Gathering external data sources
30.01.2021 14:27:51	Gathering external file formats
30.01.2021 14:27:51	Gathering external tables
30.01.2021 14:27:51	Gathering database permissions
30.01.2021 14:27:51	Gathering extended properties
30.01.2021 14:27:51	Gathering credentials
30.01.2021 14:27:51	Gathering logins
30.01.2021 14:27:51	Gathering server audits
30.01.2021 14:27:52	Scanning project for duplicate elements
30.01.2021 14:27:52	Finished duplicate element processing
30.01.2021 14:27:53	Finished importing database.
30.01.2021 14:27:53	A summary of the import was saved to the following location: C:\Users\rosiu\x\KarolinaGluza_6408\Operators\Import Schema Logs\Operators_20210130012744.log
30.01.2021 14:27:53	Click Finish to continue...
